<?xml version="1.0" encoding="UTF-8"?>
<!-- Generated by org.testng.reporters.JUnitXMLReporter -->
<testsuite ignored="0" hostname="Sandeep3052-03" failures="1" tests="1" name="Test Case 1" time="12.817" errors="0" timestamp="07 Nov 2021 04:06:02 GMT">
  <testcase classname="testcases.TestCase1" name="firstTest" time="8.768">
    <failure type="java.lang.AssertionError">
      <![CDATA[java.lang.AssertionError: 
at testcases.TestCase1.firstTest(TestCase1.java:54)
... Removed 28 stack frames]]>
    </failure>
  </testcase> <!-- firstTest -->
</testsuite> <!-- Test Case 1 -->
